#
# There is insufficient memory for the Java Runtime Environment to continue.
# Native memory allocation (malloc) failed to allocate 1048576 bytes for AllocateHeap
# Possible reasons:
#   The system is out of physical RAM or swap space
#   The process is running with CompressedOops enabled, and the Java Heap may be blocking the growth of the native heap
# Possible solutions:
#   Reduce memory load on the system
#   Increase physical memory or swap space
#   Check if swap backing store is full
#   Decrease Java heap size (-Xmx/-Xms)
#   Decrease number of Java threads
#   Decrease Java thread stack sizes (-Xss)
#   Set larger code cache with -XX:ReservedCodeCacheSize=
#   JVM is running with Unscaled Compressed Oops mode in which the Java heap is
#     placed in the first 4GB address space. The Java Heap base address is the
#     maximum limit for the native heap growth. Please use -XX:HeapBaseMinAddress
#     to set the Java Heap base and to place the Java Heap above 4GB virtual address.
# This output file may be truncated or incomplete.
#
#  Out of Memory Error (memory/allocation.inline.hpp:61), pid=10340, tid=0x0000000000003340
#
# JRE version:  (8.0_251-b08) (build )
# Java VM: Java HotSpot(TM) 64-Bit Server VM (25.251-b08 mixed mode windows-amd64 compressed oops)
# Failed to write core dump. Minidumps are not enabled by default on client versions of Windows
#

---------------  T H R E A D  ---------------

Current thread (0x0000000002ea3800):  JavaThread "Unknown thread" [_thread_in_vm, id=13120, stack(0x0000000002b80000,0x0000000002c80000)]

Stack: [0x0000000002b80000,0x0000000002c80000]
[error occurred during error reporting (printing stack bounds), id 0xc0000005]

Native frames: (J=compiled Java code, j=interpreted, Vv=VM code, C=native code)


---------------  P R O C E S S  ---------------

Java Threads: ( => current thread )

Other Threads:

=>0x0000000002ea3800 (exited) JavaThread "Unknown thread" [_thread_in_vm, id=13120, stack(0x0000000002b80000,0x0000000002c80000)]

VM state:not at safepoint (normal execution)

VM Mutex/Monitor currently owned by a thread: None

heap address: 0x0000000081e00000, size: 2018 MB, Compressed Oops mode: 32-bit
Narrow klass base: 0x0000000000000000, Narrow klass shift: 3
Compressed class space size: 1073741824 Address: 0x0000000100000000

Heap:
 PSYoungGen      total 38400K, used 665K [0x00000000d5f80000, 0x00000000d8a00000, 0x0000000100000000)
  eden space 33280K, 2% used [0x00000000d5f80000,0x00000000d6026670,0x00000000d8000000)
  from space 5120K, 0% used [0x00000000d8500000,0x00000000d8500000,0x00000000d8a00000)
  to   space 5120K, 0% used [0x00000000d8000000,0x00000000d8000000,0x00000000d8500000)
 ParOldGen       total 87552K, used 0K [0x0000000081e00000, 0x0000000087380000, 0x00000000d5f80000)
  object space 87552K, 0% used [0x0000000081e00000,0x0000000081e00000,0x0000000087380000)
 Metaspace       used 776K, capacity 4480K, committed 4480K, reserved 1056768K
  class space    used 76K, capacity 384K, committed 384K, reserved 1048576K

Card table byte_map: [0x0000000012360000,0x0000000012760000] byte_map_base: 0x0000000011f51000

Marking Bits: (ParMarkBitMap*) 0x00000000632faf90
 Begin Bits: [0x0000000013210000, 0x0000000015198000)
 End Bits:   [0x0000000015198000, 0x0000000017120000)

Polling page: 0x0000000001330000

CodeCache: size=245760Kb used=328Kb max_used=328Kb free=245431Kb
 bounds [0x0000000002fa0000, 0x0000000003210000, 0x0000000011fa0000]
 total_blobs=58 nmethods=0 adapters=38
 compilation: enabled

Compilation events (0 events):
No events

GC Heap History (0 events):
No events

Deoptimization events (0 events):
No events

Classes redefined (0 events):
No events

Internal exceptions (0 events):
No events

Events (10 events):
Event: 0.026 loading class java/lang/Short
Event: 0.026 loading class java/lang/Short done
Event: 0.026 loading class java/lang/Integer
Event: 0.026 loading class java/lang/Integer done
Event: 0.026 loading class java/lang/Long
Event: 0.026 loading class java/lang/Long done
Event: 0.027 loading class java/lang/NullPointerException
Event: 0.027 loading class java/lang/NullPointerException done
Event: 0.027 loading class java/lang/ArithmeticException
Event: 0.027 loading class java/lang/ArithmeticException done


Dynamic libraries:
0x00007ff78e430000 - 0x00007ff78e467000 	C:\Program Files\Java\jdk1.8.0_251\bin\java.exe
0x00007ff8be9c0000 - 0x00007ff8bebb0000 	C:\WINDOWS\SYSTEM32\ntdll.dll
0x00007ff8bdbd0000 - 0x00007ff8bdc82000 	C:\WINDOWS\System32\KERNEL32.DLL
0x00007ff8bc340000 - 0x00007ff8bc5e5000 	C:\WINDOWS\System32\KERNELBASE.dll
0x00007ff8bd600000 - 0x00007ff8bd6a3000 	C:\WINDOWS\System32\ADVAPI32.dll
0x00007ff8bcb20000 - 0x00007ff8bcbbe000 	C:\WINDOWS\System32\msvcrt.dll
0x00007ff8bda00000 - 0x00007ff8bda97000 	C:\WINDOWS\System32\sechost.dll
0x00007ff8bd030000 - 0x00007ff8bd14f000 	C:\WINDOWS\System32\RPCRT4.dll
0x00007ff8bd860000 - 0x00007ff8bd9f4000 	C:\WINDOWS\System32\USER32.dll
0x00007ff8bc8e0000 - 0x00007ff8bc901000 	C:\WINDOWS\System32\win32u.dll
0x00007ff8be450000 - 0x00007ff8be476000 	C:\WINDOWS\System32\GDI32.dll
0x00007ff8bc6f0000 - 0x00007ff8bc888000 	C:\WINDOWS\System32\gdi32full.dll
0x00007ff8bc140000 - 0x00007ff8bc1de000 	C:\WINDOWS\System32\msvcp_win.dll
0x00007ff8bc5f0000 - 0x00007ff8bc6ea000 	C:\WINDOWS\System32\ucrtbase.dll
0x00007ff890a90000 - 0x00007ff890d14000 	C:\WINDOWS\WinSxS\amd64_microsoft.windows.common-controls_6595b64144ccf1df_6.0.18362.1556_none_9e7e372fe45e41d5\COMCTL32.dll
0x00007ff8be640000 - 0x00007ff8be976000 	C:\WINDOWS\System32\combase.dll
0x00007ff8bc0b0000 - 0x00007ff8bc131000 	C:\WINDOWS\System32\bcryptPrimitives.dll
0x00007ff8bdaa0000 - 0x00007ff8bdace000 	C:\WINDOWS\System32\IMM32.DLL
0x0000000063380000 - 0x0000000063452000 	C:\Program Files\Java\jdk1.8.0_251\jre\bin\msvcr100.dll
0x0000000062ad0000 - 0x000000006337b000 	C:\Program Files\Java\jdk1.8.0_251\jre\bin\server\jvm.dll
0x00007ff8be560000 - 0x00007ff8be568000 	C:\WINDOWS\System32\PSAPI.DLL
0x00007ff8b7ad0000 - 0x00007ff8b7af4000 	C:\WINDOWS\SYSTEM32\WINMM.dll
0x00007ff8b4240000 - 0x00007ff8b4249000 	C:\WINDOWS\SYSTEM32\WSOCK32.dll
0x00007ff8b53d0000 - 0x00007ff8b53da000 	C:\WINDOWS\SYSTEM32\VERSION.dll
0x00007ff8bdad0000 - 0x00007ff8bdb3f000 	C:\WINDOWS\System32\WS2_32.dll
0x00007ff8b7aa0000 - 0x00007ff8b7acd000 	C:\WINDOWS\SYSTEM32\winmmbase.dll
0x00007ff8bc1e0000 - 0x00007ff8bc22a000 	C:\WINDOWS\System32\cfgmgr32.dll
0x00007ff89d720000 - 0x00007ff89d72f000 	C:\Program Files\Java\jdk1.8.0_251\jre\bin\verify.dll
0x00007ff89d280000 - 0x00007ff89d2a9000 	C:\Program Files\Java\jdk1.8.0_251\jre\bin\java.dll
0x00007ff89d240000 - 0x00007ff89d263000 	C:\Program Files\Java\jdk1.8.0_251\jre\bin\instrument.dll
0x00007ff89d1b0000 - 0x00007ff89d1c6000 	C:\Program Files\Java\jdk1.8.0_251\jre\bin\zip.dll

VM Arguments:
jvm_args: -javaagent:C:\Program Files\JetBrains\IntelliJ IDEA 2021.2.4\lib\idea_rt.jar=49221:C:\Program Files\JetBrains\IntelliJ IDEA 2021.2.4\bin -Dfile.encoding=UTF-8 
java_command: ss19_string_regex.CrawlData
java_class_path (initial): C:\Program Files\Java\jdk1.8.0_251\jre\lib\charsets.jar;C:\Program Files\Java\jdk1.8.0_251\jre\lib\deploy.jar;C:\Program Files\Java\jdk1.8.0_251\jre\lib\ext\access-bridge-64.jar;C:\Program Files\Java\jdk1.8.0_251\jre\lib\ext\cldrdata.jar;C:\Program Files\Java\jdk1.8.0_251\jre\lib\ext\dnsns.jar;C:\Program Files\Java\jdk1.8.0_251\jre\lib\ext\jaccess.jar;C:\Program Files\Java\jdk1.8.0_251\jre\lib\ext\jfxrt.jar;C:\Program Files\Java\jdk1.8.0_251\jre\lib\ext\localedata.jar;C:\Program Files\Java\jdk1.8.0_251\jre\lib\ext\nashorn.jar;C:\Program Files\Java\jdk1.8.0_251\jre\lib\ext\sunec.jar;C:\Program Files\Java\jdk1.8.0_251\jre\lib\ext\sunjce_provider.jar;C:\Program Files\Java\jdk1.8.0_251\jre\lib\ext\sunmscapi.jar;C:\Program Files\Java\jdk1.8.0_251\jre\lib\ext\sunpkcs11.jar;C:\Program Files\Java\jdk1.8.0_251\jre\lib\ext\zipfs.jar;C:\Program Files\Java\jdk1.8.0_251\jre\lib\javaws.jar;C:\Program Files\Java\jdk1.8.0_251\jre\lib\jce.jar;C:\Program Files\Java\jdk1.8.0_251\jre\lib\jfr.jar;C:\Program Files\Java\jdk1.8.0_251\jre\lib\jfxswt.jar;C:\Program Files\Java\jdk1.8.0_251\jre\lib\jsse.jar;C:\Program Files\Java\jdk1.8.0_251\jre\lib\management-agent.jar;C:\Program Files\Java\jdk1.8.0_251\jre\lib\plugin.jar;C:\Program Files\Java\jdk1.8.0_251\jre\lib\resources.jar;C:\Program Files\Java\jdk1.8.0_251\jre\lib\rt.jar;E:\Code_Gym_A0422I1_HuuTri\Module_2.1\out\production\Module_2;C:\Downloads\jar_files\apiguardian-api-1.1.2.jar;C:\Downloads\jar_files\junit-jupiter-api-5.9.0.jar;C:\Downloads\jar_files\junit-platform-commons-1.9.0.jar;C:\Downloads\jar_files\opentest4j-1.2.0.jar;E:\Code_Gym_A0422I1_HuuTri\Module_2.1;C:\Program Files\JetBrains\IntelliJ IDEA 2021.2.4\lib\idea_rt.jar
Launcher Type: SUN_STANDARD

Environment Variables:
PATH=C:\Program Files (x86)\Common Files\Oracle\Java\javapath;C:\WINDOWS\system32;C:\WINDOWS;C:\WINDOWS\System32\Wbem;C:\WINDOWS\System32\WindowsPowerShell\v1.0\;C:\WINDOWS\System32\OpenSSH\;C:\Program Files (x86)\Intel\Intel(R) Management Engine Components\DAL;C:\Program Files\Intel\Intel(R) Management Engine Components\DAL;C:\Program Files\Java\jdk-12\bin;C:\Program Files\dotnet\;C:\Program Files (x86)\dotnet\;C:\Users\DELL\AppData\Local\Programs\Python\Python39\Scripts\;C:\Users\DELL\AppData\Local\Programs\Python\Python39\;C:\Users\DELL\AppData\Local\Programs\Microsoft VS Code\bin;C:\Program Files\mingw-w64\x86_64-8.1.0-posix-seh-rt_v6-rev0\mingw64\bin;C:\Program Files\Microsoft SQL Server\130\Tools\Binn\;E:\matlab\runtime\win64;E:\matlab\bin;E:\matlab\polyspace\bin;C:\Program Files\Git\cmd;C:\Program Files\nodejs\;C:\Program Files (x86)\STMicroelectronics\STM32 ST-LINK Utility\ST-LINK Utility;C:\Users\DELL\AppData\Local\Programs\Python\Python39\Scripts\;C:\Users\DELL\AppData\Local\Programs\Python\Python39\;C:\Program Files\mingw-w64\x86_64-8.1.0-posix-seh-rt_v6-rev0\mingw64\bin;C:\Program Files (x86)\Dev-Cpp\MinGW64\bin\;C:\Users\DELL\AppData\Local\Programs\Microsoft VS Code\bin;C:\Users\DELL\AppData\Roaming\npm;C:\Program Files\JetBrains\IntelliJ IDEA 2021.2.4\bin;;C:\Program Files\JetBrains\IntelliJ IDEA Community Edition 2022.1.3\bin;;E:\PyCharm 2022.2.1\bin;
USERNAME=DELL
OS=Windows_NT
PROCESSOR_IDENTIFIER=Intel64 Family 6 Model 142 Stepping 12, GenuineIntel



---------------  S Y S T E M  ---------------

OS: Windows 10.0 , 64 bit Build 18362 (10.0.18362.1500)

CPU:total 8 (initial active 8) (4 cores per cpu, 2 threads per core) family 6 model 142 stepping 12, cmov, cx8, fxsr, mmx, sse, sse2, sse3, ssse3, sse4.1, sse4.2, popcnt, avx, avx2, aes, clmul, erms, 3dnowpref, lzcnt, ht, tsc, tscinvbit, bmi1, bmi2, adx

Memory: 4k page, physical 8261428k(746412k free), swap 14214656k(5560k free)

vm_info: Java HotSpot(TM) 64-Bit Server VM (25.251-b08) for windows-amd64 JRE (1.8.0_251-b08), built on Mar 12 2020 06:31:49 by "" with MS VC++ 10.0 (VS2010)

time: Tue Sep 13 13:48:08 2022
timezone: SE Asia Standard Time
elapsed time: 0 seconds (0d 0h 0m 0s)

